<?xml version="1.0" encoding="UTF-8"?>
<testng-results skipped="0" failed="0" ignored="0" total="2" passed="2">
  <reporter-output>
  </reporter-output>
  <suite name="Default suite" duration-ms="40314" started-at="2018-11-17T07:26:13Z" finished-at="2018-11-17T07:26:53Z">
    <groups>
    </groups>
    <test name="Default test" duration-ms="40314" started-at="2018-11-17T07:26:13Z" finished-at="2018-11-17T07:26:53Z">
      <class name="prjone.prjone.FNPTEST">
        <test-method status="PASS" signature="FNPLAUNCH()[pri:0, instance:prjone.prjone.FNPTEST@42e26948]" name="FNPLAUNCH" is-config="true" duration-ms="5894" started-at="2018-11-17T07:26:13Z" finished-at="2018-11-17T07:26:19Z">
          <reporter-output>
          </reporter-output>
        </test-method> <!-- FNPLAUNCH -->
        <test-method status="PASS" signature="FNPPAGE(java.lang.String, java.lang.String, java.lang.String, java.lang.String, java.lang.String, java.lang.String, java.lang.String, java.lang.String, java.lang.String)[pri:0, instance:prjone.prjone.FNPTEST@42e26948]" name="FNPPAGE" duration-ms="19566" started-at="2018-11-17T07:26:19Z" data-provider="menu" finished-at="2018-11-17T07:26:39Z">
          <params>
            <param index="0">
              <value>
                <![CDATA[FLOWERSkeyboard_arrow_down]]>
              </value>
            </param>
            <param index="1">
              <value>
                <![CDATA[CAKESkeyboard_arrow_down]]>
              </value>
            </param>
            <param index="2">
              <value>
                <![CDATA[PERSONALISEDkeyboard_arrow_down]]>
              </value>
            </param>
            <param index="3">
              <value>
                <![CDATA[PLANTSkeyboard_arrow_down]]>
              </value>
            </param>
            <param index="4">
              <value>
                <![CDATA[BIRTHDAYkeyboard_arrow_down]]>
              </value>
            </param>
            <param index="5">
              <value>
                <![CDATA[ANNIVERSARYkeyboard_arrow_down]]>
              </value>
            </param>
            <param index="6">
              <value>
                <![CDATA[OCCASIONSkeyboard_arrow_down]]>
              </value>
            </param>
            <param index="7">
              <value>
                <![CDATA[OTHER GIFTSkeyboard_arrow_down]]>
              </value>
            </param>
            <param index="8">
              <value>
                <![CDATA[GLOBALkeyboard_arrow_down]]>
              </value>
            </param>
          </params>
          <reporter-output>
          </reporter-output>
        </test-method> <!-- FNPPAGE -->
        <test-method status="PASS" signature="FNPcake(java.lang.String, java.lang.String, java.lang.String, java.lang.String, java.lang.String)[pri:0, instance:prjone.prjone.FNPTEST@42e26948]" name="FNPcake" duration-ms="13966" started-at="2018-11-17T07:26:39Z" data-provider="Cakename" finished-at="2018-11-17T07:26:53Z">
          <params>
            <param index="0">
              <value>
                <![CDATA[Truffle Cakes]]>
              </value>
            </param>
            <param index="1">
              <value>
                <![CDATA[Chocolate Cakes]]>
              </value>
            </param>
            <param index="2">
              <value>
                <![CDATA[Black Forest Cakes]]>
              </value>
            </param>
            <param index="3">
              <value>
                <![CDATA[Butterscotch Cakes]]>
              </value>
            </param>
            <param index="4">
              <value>
                <![CDATA[Vanilla Cakes]]>
              </value>
            </param>
          </params>
          <reporter-output>
          </reporter-output>
        </test-method> <!-- FNPcake -->
        <test-method status="PASS" signature="test1()[pri:0, instance:prjone.prjone.FNPTEST@42e26948]" name="test1" is-config="true" duration-ms="443" started-at="2018-11-17T07:26:53Z" finished-at="2018-11-17T07:26:53Z">
          <reporter-output>
          </reporter-output>
        </test-method> <!-- test1 -->
      </class> <!-- prjone.prjone.FNPTEST -->
    </test> <!-- Default test -->
  </suite> <!-- Default suite -->
</testng-results>
